{
  "RSpec": {
    "coverage": {
      "/Users/brandonwieber/code/blocitoff/app/helpers/application_helper.rb": [
        1,
        null,
        1,
        0,
        0,
        null,
        0,
        null,
        null,
        null,
        null
      ],
      "/Users/brandonwieber/code/blocitoff/app/helpers/items_helper.rb": [
        1,
        null
      ],
      "/Users/brandonwieber/code/blocitoff/app/helpers/registrations_helper.rb": [
        1,
        null
      ],
      "/Users/brandonwieber/code/blocitoff/app/helpers/users_helper.rb": [
        1,
        null
      ],
      "/Users/brandonwieber/code/blocitoff/app/helpers/welcome_helper.rb": [
        1,
        null
      ],
      "/Users/brandonwieber/code/blocitoff/app/controllers/items_controller.rb": [
        1,
        null,
        1,
        0,
        null,
        null,
        1,
        2,
        2,
        2,
        null,
        2,
        2,
        2,
        null,
        0,
        0,
        null,
        null,
        null,
        1,
        2,
        null,
        2,
        2,
        null,
        0,
        null,
        null,
        2,
        2,
        2,
        null,
        null,
        null,
        null,
        1,
        null,
        1,
        2,
        null,
        null,
        null
      ],
      "/Users/brandonwieber/code/blocitoff/app/controllers/application_controller.rb": [
        1,
        1,
        null,
        null,
        null,
        1,
        null,
        null
      ],
      "/Users/brandonwieber/code/blocitoff/spec/controllers/users_controller_spec.rb": [
        1,
        null,
        1,
        null,
        1,
        3,
        3,
        3,
        null,
        null,
        4,
        null,
        1,
        1,
        1,
        1,
        null,
        null,
        1,
        1,
        1,
        null,
        null,
        1,
        1,
        1,
        null,
        null,
        null,
        null
      ],
      "/Users/brandonwieber/code/blocitoff/app/controllers/users_controller.rb": [
        1,
        null,
        1,
        3,
        3,
        3,
        3,
        null,
        0,
        null,
        null,
        null,
        null,
        1,
        0,
        null,
        null,
        null
      ],
      "/Users/brandonwieber/code/blocitoff/spec/models/item_spec.rb": [
        1,
        null,
        1,
        null,
        1,
        1,
        null,
        2,
        2,
        null,
        null
      ],
      "/Users/brandonwieber/code/blocitoff/app/models/item.rb": [
        1,
        1,
        null,
        null
      ],
      "/Users/brandonwieber/code/blocitoff/spec/models/user_spec.rb": [
        1,
        null,
        1,
        null,
        1,
        null,
        2,
        2,
        2,
        null,
        2,
        2,
        null,
        2,
        null,
        1,
        3,
        null,
        1,
        1,
        null,
        null,
        1,
        1,
        null,
        null,
        null
      ]
    },
    "timestamp": 1454776757
  }
}
